<?xml version="1.0" encoding="utf-8"?><testsuites name="pytest tests"><testsuite name="pytest" errors="0" failures="0" skipped="0" tests="18" time="2.752" timestamp="2026-03-25T16:13:38.151119+00:00" hostname="agent-env-7a5947a5-87bf-4fc0-8952-a0567f901599"><testcase classname="backend.tests.test_secret_auth_crud.TestSecretAuth" name="test_secret_login_invalid_code" time="0.278" /><testcase classname="backend.tests.test_secret_auth_crud.TestSecretAuth" name="test_secret_login_empty_code" time="0.098" /><testcase classname="backend.tests.test_secret_auth_crud.TestSecretAuth" name="test_secret_login_valid_code" time="0.126" /><testcase classname="backend.tests.test_secret_auth_crud.TestAuthenticatedAccess" name="test_get_profile_with_auth" time="0.111" /><testcase classname="backend.tests.test_secret_auth_crud.TestAuthenticatedAccess" name="test_get_auth_me" time="0.119" /><testcase classname="backend.tests.test_secret_auth_crud.TestTaskCRUD" name="test_01_create_task" time="0.250" /><testcase classname="backend.tests.test_secret_auth_crud.TestTaskCRUD" name="test_02_get_tasks" time="0.311" /><testcase classname="backend.tests.test_secret_auth_crud.TestTaskCRUD" name="test_03_update_task" time="0.139" /><testcase classname="backend.tests.test_secret_auth_crud.TestTaskCRUD" name="test_04_verify_task_update_persisted" time="0.167" /><testcase classname="backend.tests.test_secret_auth_crud.TestTaskCRUD" name="test_05_delete_task" time="0.121" /><testcase classname="backend.tests.test_secret_auth_crud.TestTaskCRUD" name="test_06_verify_task_deleted" time="0.138" /><testcase classname="backend.tests.test_secret_auth_crud.TestTeamCRUD" name="test_01_create_team_member" time="0.113" /><testcase classname="backend.tests.test_secret_auth_crud.TestTeamCRUD" name="test_02_get_team" time="0.106" /><testcase classname="backend.tests.test_secret_auth_crud.TestTeamCRUD" name="test_03_update_team_member" time="0.121" /><testcase classname="backend.tests.test_secret_auth_crud.TestTeamCRUD" name="test_04_verify_member_update_persisted" time="0.100" /><testcase classname="backend.tests.test_secret_auth_crud.TestTeamCRUD" name="test_05_delete_team_member" time="0.105" /><testcase classname="backend.tests.test_secret_auth_crud.TestTeamCRUD" name="test_06_verify_member_deleted" time="0.152" /><testcase classname="backend.tests.test_secret_auth_crud.TestLogout" name="test_logout" time="0.121" /></testsuite></testsuites>