<?xml version="1.0" encoding="utf-8"?><testsuites name="pytest tests"><testsuite name="pytest" errors="0" failures="0" skipped="0" tests="34" time="4.594" timestamp="2026-03-25T16:03:49.320232+00:00" hostname="agent-env-7a5947a5-87bf-4fc0-8952-a0567f901599"><testcase classname="backend.tests.test_restaurateur_api.TestHealthEndpoints" name="test_api_root" time="0.225" /><testcase classname="backend.tests.test_restaurateur_api.TestHealthEndpoints" name="test_health_endpoint" time="0.154" /><testcase classname="backend.tests.test_restaurateur_api.TestAuthGuards" name="test_protected_endpoints_require_auth[/api/tasks-GET]" time="0.123" /><testcase classname="backend.tests.test_restaurateur_api.TestAuthGuards" name="test_protected_endpoints_require_auth[/api/tasks-POST]" time="0.106" /><testcase classname="backend.tests.test_restaurateur_api.TestAuthGuards" name="test_protected_endpoints_require_auth[/api/team-GET]" time="0.105" /><testcase classname="backend.tests.test_restaurateur_api.TestAuthGuards" name="test_protected_endpoints_require_auth[/api/team-POST]" time="0.154" /><testcase classname="backend.tests.test_restaurateur_api.TestAuthGuards" name="test_protected_endpoints_require_auth[/api/equipment-GET]" time="0.119" /><testcase classname="backend.tests.test_restaurateur_api.TestAuthGuards" name="test_protected_endpoints_require_auth[/api/equipment-POST]" time="0.109" /><testcase classname="backend.tests.test_restaurateur_api.TestAuthGuards" name="test_protected_endpoints_require_auth[/api/vendors-GET]" time="0.106" /><testcase classname="backend.tests.test_restaurateur_api.TestAuthGuards" name="test_protected_endpoints_require_auth[/api/vendors-POST]" time="0.148" /><testcase classname="backend.tests.test_restaurateur_api.TestAuthGuards" name="test_protected_endpoints_require_auth[/api/permits-GET]" time="0.109" /><testcase classname="backend.tests.test_restaurateur_api.TestAuthGuards" name="test_protected_endpoints_require_auth[/api/permits-POST]" time="0.180" /><testcase classname="backend.tests.test_restaurateur_api.TestAuthGuards" name="test_protected_endpoints_require_auth[/api/menu-items-GET]" time="0.113" /><testcase classname="backend.tests.test_restaurateur_api.TestAuthGuards" name="test_protected_endpoints_require_auth[/api/menu-items-POST]" time="0.140" /><testcase classname="backend.tests.test_restaurateur_api.TestAuthGuards" name="test_protected_endpoints_require_auth[/api/budget-GET]" time="0.148" /><testcase classname="backend.tests.test_restaurateur_api.TestAuthGuards" name="test_protected_endpoints_require_auth[/api/budget-POST]" time="0.118" /><testcase classname="backend.tests.test_restaurateur_api.TestAuthGuards" name="test_protected_endpoints_require_auth[/api/profile-GET]" time="0.111" /><testcase classname="backend.tests.test_restaurateur_api.TestAuthGuards" name="test_protected_endpoints_require_auth[/api/profile/summary-GET]" time="0.110" /><testcase classname="backend.tests.test_restaurateur_api.TestSubscriptionPlans" name="test_get_subscription_plans" time="0.116" /><testcase classname="backend.tests.test_restaurateur_api.TestTasksEndpointStructure" name="test_tasks_post_requires_project_id" time="0.112" /><testcase classname="backend.tests.test_restaurateur_api.TestTeamEndpointStructure" name="test_team_post_endpoint_exists" time="0.185" /><testcase classname="backend.tests.test_restaurateur_api.TestEquipmentEndpointStructure" name="test_equipment_post_endpoint_exists" time="0.120" /><testcase classname="backend.tests.test_restaurateur_api.TestVendorsEndpointStructure" name="test_vendors_post_endpoint_exists" time="0.116" /><testcase classname="backend.tests.test_restaurateur_api.TestPermitsEndpointStructure" name="test_permits_post_endpoint_exists" time="0.112" /><testcase classname="backend.tests.test_restaurateur_api.TestMenuItemsEndpointStructure" name="test_menu_items_post_endpoint_exists" time="0.116" /><testcase classname="backend.tests.test_restaurateur_api.TestBudgetEndpointStructure" name="test_budget_post_endpoint_exists" time="0.137" /><testcase classname="backend.tests.test_restaurateur_api.TestSiteDemographics" name="test_site_demographics_requires_auth" time="0.154" /><testcase classname="backend.tests.test_restaurateur_api.TestAIEndpoints" name="test_ai_analyze_requires_auth" time="0.116" /><testcase classname="backend.tests.test_restaurateur_api.TestAIEndpoints" name="test_ai_cost_calculator_requires_auth" time="0.117" /><testcase classname="backend.tests.test_restaurateur_api.TestCandidatesEndpoint" name="test_candidates_get_requires_auth" time="0.118" /><testcase classname="backend.tests.test_restaurateur_api.TestCandidatesEndpoint" name="test_candidates_post_requires_auth" time="0.159" /><testcase classname="backend.tests.test_restaurateur_api.TestLeaseClausesEndpoint" name="test_lease_clauses_get_requires_auth" time="0.124" /><testcase classname="backend.tests.test_restaurateur_api.TestUnitsEndpoint" name="test_units_get_requires_auth" time="0.224" /><testcase classname="backend.tests.test_restaurateur_api.TestNotificationsEndpoint" name="test_notifications_get_requires_auth" time="0.105" /></testsuite></testsuites>