<?xml version="1.0" encoding="utf-8"?><testsuites name="pytest tests"><testsuite name="pytest" errors="0" failures="0" skipped="0" tests="19" time="2.534" timestamp="2026-03-25T15:48:47.872110+00:00" hostname="agent-env-7a5947a5-87bf-4fc0-8952-a0567f901599"><testcase classname="backend.tests.test_api.TestHealthEndpoints" name="test_root_endpoint" time="0.260" /><testcase classname="backend.tests.test_api.TestHealthEndpoints" name="test_health_endpoint" time="0.145" /><testcase classname="backend.tests.test_api.TestAuthEndpoints" name="test_auth_me_without_token" time="0.146" /><testcase classname="backend.tests.test_api.TestAuthEndpoints" name="test_auth_me_with_invalid_token" time="0.105" /><testcase classname="backend.tests.test_api.TestProfileEndpoints" name="test_profile_get_without_auth" time="0.106" /><testcase classname="backend.tests.test_api.TestProfileEndpoints" name="test_profile_summary_without_auth" time="0.133" /><testcase classname="backend.tests.test_api.TestTeamEndpoints" name="test_team_get_without_auth" time="0.110" /><testcase classname="backend.tests.test_api.TestEquipmentEndpoints" name="test_equipment_get_without_auth" time="0.111" /><testcase classname="backend.tests.test_api.TestVendorsEndpoints" name="test_vendors_get_without_auth" time="0.173" /><testcase classname="backend.tests.test_api.TestPermitsEndpoints" name="test_permits_get_without_auth" time="0.115" /><testcase classname="backend.tests.test_api.TestMenuItemsEndpoints" name="test_menu_items_get_without_auth" time="0.110" /><testcase classname="backend.tests.test_api.TestBudgetEndpoints" name="test_budget_get_without_auth" time="0.118" /><testcase classname="backend.tests.test_api.TestSiteDemographicsEndpoints" name="test_site_demographics_without_auth" time="0.124" /><testcase classname="backend.tests.test_api.TestSubscriptionEndpoints" name="test_subscription_plans" time="0.107" /><testcase classname="backend.tests.test_api.TestNotificationsEndpoints" name="test_notifications_without_auth" time="0.102" /><testcase classname="backend.tests.test_api.TestTasksEndpoints" name="test_tasks_without_auth" time="0.100" /><testcase classname="backend.tests.test_api.TestUnitsEndpoints" name="test_units_without_auth" time="0.101" /><testcase classname="backend.tests.test_api.TestCandidatesEndpoints" name="test_candidates_without_auth" time="0.150" /><testcase classname="backend.tests.test_api.TestLeaseClausesEndpoints" name="test_lease_clauses_without_auth" time="0.107" /></testsuite></testsuites>